\BOOKMARK [1][-]{section.1}{\376\377\174\373\176\337\151\202\217\360\116\016\122\237\200\375\116\256\160\271}{}% 1
\BOOKMARK [2][-]{subsection.1.1}{\376\377\173\200\116\313}{section.1}% 2
\BOOKMARK [2][-]{subsection.1.2}{\376\377\122\237\200\375\116\256\160\271}{section.1}% 3
\BOOKMARK [2][-]{subsection.1.3}{\376\377\217\223\121\145\116\016\217\223\121\372\121\205\133\271}{section.1}% 4
\BOOKMARK [1][-]{section.2}{\376\377\172\013\136\217\147\266\147\204}{}% 5
\BOOKMARK [2][-]{subsection.2.1}{\376\377\213\315\121\170\152\041\127\127}{section.2}% 6
\BOOKMARK [2][-]{subsection.2.2}{\376\377\126\376\147\204\136\372\152\041\127\127}{section.2}% 7
\BOOKMARK [2][-]{subsection.2.3}{\376\377\173\227\154\325\150\070\137\303\152\041\127\127}{section.2}% 8
\BOOKMARK [2][-]{subsection.2.4}{\376\377\122\115\172\357\116\244\116\222\152\041\127\127}{section.2}% 9
\BOOKMARK [1][-]{section.3}{\376\377\150\070\137\303\213\276\213\241}{}% 10
\BOOKMARK [2][-]{subsection.3.1}{\376\377\145\160\143\156\176\323\147\204\133\232\116\111}{section.3}% 11
\BOOKMARK [2][-]{subsection.3.2}{\376\377\121\163\225\056\173\227\154\325\133\236\163\260}{section.3}% 12
\BOOKMARK [3][-]{subsubsection.3.2.1}{\376\377\127\372\116\216\000\040\000B\000K\000D\000R\000\040\000H\000a\000s\000h\000\040\166\204\213\315\121\170\175\042\137\025}{subsection.3.2}% 13
\BOOKMARK [3][-]{subsubsection.3.2.2}{\376\377\000N\000-\147\000\167\355\215\357\137\204\173\227\154\325}{subsection.3.2}% 14
\BOOKMARK [3][-]{subsubsection.3.2.3}{\376\377\127\372\116\216\213\315\140\047\166\204\147\103\221\315\174\373\145\160}{subsection.3.2}% 15
\BOOKMARK [1][-]{section.4}{\376\377\214\003\213\325\122\006\147\220}{}% 16
\BOOKMARK [2][-]{subsection.4.1}{\376\377\153\147\116\111\122\007\122\006\225\356\230\230\166\204\211\343\121\263}{section.4}% 17
\BOOKMARK [2][-]{subsection.4.2}{\376\377\000m\000a\000l\000l\000o\000c\000\040\116\016\000\040\000n\000e\000w\000\040\166\204\220\011\142\351}{section.4}% 18
\BOOKMARK [1][-]{section.5}{\376\377\122\237\200\375\155\113\213\325}{}% 19
\BOOKMARK [2][-]{subsection.5.1}{\376\377\155\113\213\325\176\323\213\272}{section.5}% 20
\BOOKMARK [2][-]{subsection.5.2}{\376\377\122\237\200\375\155\113\213\325\142\245\124\112}{section.5}% 21
\BOOKMARK [2][-]{subsection.5.3}{\376\377\117\177\165\050\142\113\121\214}{section.5}% 22
\BOOKMARK [1][-]{section.6}{\376\377\226\104\137\125}{}% 23
