\BOOKMARK [1][-]{section.1}{\376\377\174\373\176\337\151\202\217\360\116\016\122\237\200\375\116\256\160\271}{}% 1
\BOOKMARK [2][-]{subsection.1.1}{\376\377\173\200\116\313}{section.1}% 2
\BOOKMARK [2][-]{subsection.1.2}{\376\377\122\237\200\375\116\256\160\271}{section.1}% 3
\BOOKMARK [2][-]{subsection.1.3}{\376\377\217\223\121\145\116\016\217\223\121\372\121\205\133\271}{section.1}% 4
\BOOKMARK [1][-]{section.2}{\376\377\172\013\136\217\147\266\147\204}{}% 5
\BOOKMARK [2][-]{subsection.2.1}{\376\377\211\343\147\220\152\041\127\127}{section.2}% 6
\BOOKMARK [2][-]{subsection.2.2}{\376\377\147\345\213\342\152\041\127\127}{section.2}% 7
\BOOKMARK [2][-]{subsection.2.3}{\376\377\176\323\147\234\131\004\164\006\152\041\127\127}{section.2}% 8
\BOOKMARK [1][-]{section.3}{\376\377\150\070\137\303\213\276\213\241}{}% 9
\BOOKMARK [2][-]{subsection.3.1}{\376\377\145\160\143\156\176\323\147\204\133\232\116\111}{section.3}% 10
\BOOKMARK [2][-]{subsection.3.2}{\376\377\121\163\225\056\173\227\154\325\133\236\163\260}{section.3}% 11
\BOOKMARK [3][-]{subsubsection.3.2.1}{\376\377\127\372\116\216\150\010\166\204\000\040\000H\000T\000M\000L\000\040\211\343\147\220\173\227\154\325}{subsection.3.2}% 12
\BOOKMARK [3][-]{subsubsection.3.2.2}{\376\377\000C\000S\000S\000\040\220\011\142\351\126\150\213\276\213\241}{subsection.3.2}% 13
\BOOKMARK [3][-]{subsubsection.3.2.3}{\376\377\000X\000P\000a\000t\000h\000\040\220\022\137\122\116\013\226\115\144\034\175\042}{subsection.3.2}% 14
\BOOKMARK [1][-]{section.4}{\376\377\214\003\213\325\122\006\147\220}{}% 15
\BOOKMARK [2][-]{subsection.4.1}{\376\377\000H\000T\000M\000L\000\040\156\220\170\001\116\055\172\172\166\175\176\323\160\271\166\204\136\162\142\160}{section.4}% 16
\BOOKMARK [2][-]{subsection.4.2}{\376\377\117\052\121\103\175\040\124\214\117\052\174\173\166\370\121\163\122\237\200\375\166\204\133\236\163\260}{section.4}% 17
\BOOKMARK [1][-]{section.5}{\376\377\122\237\200\375\155\113\213\325}{}% 18
\BOOKMARK [2][-]{subsection.5.1}{\376\377\155\113\213\325\176\323\213\272}{section.5}% 19
\BOOKMARK [2][-]{subsection.5.2}{\376\377\122\237\200\375\155\113\213\325\142\245\124\112}{section.5}% 20
\BOOKMARK [2][-]{subsection.5.3}{\376\377\117\177\165\050\142\113\121\214}{section.5}% 21
\BOOKMARK [1][-]{section.6}{\376\377\226\104\137\125}{}% 22
