\BOOKMARK [1][-]{section.1}{\376\377\137\025\212\000}{}% 1
\BOOKMARK [1][-]{section.2}{\376\377\213\315\124\021\221\317\151\202\137\365\116\016\140\047\215\050}{}% 2
\BOOKMARK [2][-]{subsection.2.1}{\376\377\000O\000n\000e\000-\000h\000o\000t\000\040\166\204\134\100\226\120}{section.2}% 3
\BOOKMARK [2][-]{subsection.2.2}{\376\377\122\006\136\003\137\017\210\150\171\072\166\204\117\030\122\277}{section.2}% 4
\BOOKMARK [2][-]{subsection.2.3}{\376\377\213\355\116\111\176\323\147\204\171\072\117\213}{section.2}% 5
\BOOKMARK [1][-]{section.3}{\376\377\000S\000k\000i\000p\000-\000g\000r\000a\000m\000\040\152\041\127\213\123\237\164\006}{}% 6
\BOOKMARK [2][-]{subsection.3.1}{\376\377\215\037\221\307\150\067\217\321\117\074}{section.3}% 7
\BOOKMARK [2][-]{subsection.3.2}{\376\377\150\257\136\246\211\201\160\271}{section.3}% 8
\BOOKMARK [1][-]{section.4}{\376\377\116\343\170\001\133\236\163\260\133\371\136\224\121\163\174\373}{}% 9
\BOOKMARK [1][-]{section.5}{\376\377\133\236\232\214\213\276\177\156}{}% 10
\BOOKMARK [2][-]{subsection.5.1}{\376\377\145\160\143\156}{section.5}% 11
\BOOKMARK [2][-]{subsection.5.2}{\376\377\123\302\145\160\171\072\117\213}{section.5}% 12
\BOOKMARK [2][-]{subsection.5.3}{\376\377\213\255\176\303\155\101\172\013}{section.5}% 13
\BOOKMARK [1][-]{section.6}{\376\377\213\315\124\021\221\317\123\357\211\306\123\026\116\016\126\376\120\317\211\343\213\373}{}% 14
\BOOKMARK [2][-]{subsection.6.1}{\376\377\226\115\176\364\145\271\154\325}{section.6}% 15
\BOOKMARK [2][-]{subsection.6.2}{\376\377\176\323\147\204\211\302\133\337}{section.6}% 16
\BOOKMARK [2][-]{subsection.6.3}{\376\377\134\100\226\120\116\016\154\350\141\017\116\213\230\171}{section.6}% 17
\BOOKMARK [1][-]{section.7}{\376\377\176\323\147\234\116\016\122\006\147\220}{}% 18
\BOOKMARK [1][-]{section.8}{\376\377\145\071\217\333\116\016\134\125\147\033}{}% 19
\BOOKMARK [1][-]{section.9}{\376\377\176\323\213\272}{}% 20
